<?xml version="1.0" encoding="UTF-8"?>
<!-- Generated by org.testng.reporters.JUnitReportReporter -->
<testsuite skipped="0" hostname="Shushik" name="tests.SourceTest" tests="2" failures="0" timestamp="02 May 2018 05:32:46 GMT" time="4.527" errors="0">
  <testcase name="getAuthor" time="3.915" classname="tests.SourceTest"/>
  <testcase name="getIDs" time="0.612" classname="tests.SourceTest"/>
</testsuite> <!-- tests.SourceTest -->
