<?xml version="1.0" encoding="UTF-8"?>
<!-- Generated by org.testng.reporters.JUnitReportReporter -->
<testsuite skipped="0" hostname="Shushik" name="tests.SearchTest" tests="1" failures="0" timestamp="02 May 2018 05:32:46 GMT" time="14.500" errors="0">
  <testcase name="getTitle" time="14.500" classname="tests.SearchTest"/>
</testsuite> <!-- tests.SearchTest -->
