<?xml version="1.0" encoding="UTF-8"?>
<!-- Generated by org.testng.reporters.JUnitReportReporter -->
<testsuite hostname="Shushik" failures="0" tests="1" name="tests.SearchTest" time="5.635" errors="0" timestamp="02 May 2018 19:15:22 GMT" skipped="0">
  <testcase classname="tests.SearchTest" name="getTitle" time="5.635"/>
</testsuite> <!-- tests.SearchTest -->
