<?xml version="1.0" encoding="UTF-8"?>
<!-- Generated by org.testng.reporters.JUnitReportReporter -->
<testsuite hostname="Shushik" failures="0" tests="2" name="tests.SourceTest" time="2.457" errors="0" timestamp="02 May 2018 19:15:22 GMT" skipped="0">
  <testcase classname="tests.SourceTest" name="getAuthor" time="1.854"/>
  <testcase classname="tests.SourceTest" name="getIDs" time="0.603"/>
</testsuite> <!-- tests.SourceTest -->
